2025-04-13 17:09:11,087 - root - INFO - Initializing FlatL2 index with IDMap
2025-04-13 17:09:11,087 - __main__ - INFO - Initialized shard node with config: config/shard_node.yaml
2025-04-13 17:09:11,087 - __main__ - INFO - Starting shard server on localhost:6002
 * Serving Flask app 'shard_server'
 * Debug mode: off
2025-04-13 17:09:11,095 - werkzeug - INFO - [31m[1mWARNING: This is a development server. Do not use it in a production deployment. Use a production WSGI server instead.[0m
 * Running on http://localhost:6002
2025-04-13 17:09:11,096 - werkzeug - INFO - [33mPress CTRL+C to quit[0m
2025-04-13 17:09:36,243 - __main__ - DEBUG - Received search request with query_vector shape=(1, 512), k=5
2025-04-13 17:09:36,244 - __main__ - DEBUG - Calling shard.search
2025-04-13 17:09:36,244 - shard_node - DEBUG - Starting search with query_vectors shape=(1, 512), k=5
2025-04-13 17:09:36,244 - shard_node - DEBUG - Index has 0 total vectors
2025-04-13 17:09:36,244 - shard_node - WARNING - Index only has 0 vectors, but k=5
2025-04-13 17:09:36,244 - shard_node - WARNING - Index is empty, returning empty results
2025-04-13 17:09:36,244 - __main__ - DEBUG - Search results: distances shape=(1, 0), indices shape=(1, 0)
2025-04-13 17:09:36,244 - __main__ - DEBUG - Distances: [], Indices: []
2025-04-13 17:09:36,244 - __main__ - DEBUG - Returning search results: 1 items
2025-04-13 17:09:36,246 - werkzeug - INFO - 127.0.0.1 - - [13/Apr/2025 17:09:36] "POST /search HTTP/1.1" 200 -
2025-04-13 17:09:36,812 - __main__ - DEBUG - Received search request with query_vector shape=(1, 512), k=5
2025-04-13 17:09:36,812 - __main__ - DEBUG - Calling shard.search
2025-04-13 17:09:36,812 - shard_node - DEBUG - Starting search with query_vectors shape=(1, 512), k=5
2025-04-13 17:09:36,812 - shard_node - DEBUG - Index has 0 total vectors
2025-04-13 17:09:36,812 - shard_node - WARNING - Index only has 0 vectors, but k=5
2025-04-13 17:09:36,812 - shard_node - WARNING - Index is empty, returning empty results
2025-04-13 17:09:36,812 - __main__ - DEBUG - Search results: distances shape=(1, 0), indices shape=(1, 0)
2025-04-13 17:09:36,812 - __main__ - DEBUG - Distances: [], Indices: []
2025-04-13 17:09:36,812 - __main__ - DEBUG - Returning search results: 1 items
2025-04-13 17:09:36,812 - werkzeug - INFO - 127.0.0.1 - - [13/Apr/2025 17:09:36] "POST /search HTTP/1.1" 200 -
2025-04-13 17:09:36,891 - __main__ - DEBUG - Received search request with query_vector shape=(1, 512), k=5
2025-04-13 17:09:36,891 - __main__ - DEBUG - Calling shard.search
2025-04-13 17:09:36,891 - shard_node - DEBUG - Starting search with query_vectors shape=(1, 512), k=5
2025-04-13 17:09:36,891 - shard_node - DEBUG - Index has 0 total vectors
2025-04-13 17:09:36,891 - shard_node - WARNING - Index only has 0 vectors, but k=5
2025-04-13 17:09:36,891 - shard_node - WARNING - Index is empty, returning empty results
2025-04-13 17:09:36,891 - __main__ - DEBUG - Search results: distances shape=(1, 0), indices shape=(1, 0)
2025-04-13 17:09:36,891 - __main__ - DEBUG - Distances: [], Indices: []
2025-04-13 17:09:36,891 - __main__ - DEBUG - Returning search results: 1 items
2025-04-13 17:09:36,891 - werkzeug - INFO - 127.0.0.1 - - [13/Apr/2025 17:09:36] "POST /search HTTP/1.1" 200 -
2025-04-13 17:09:36,984 - __main__ - DEBUG - Received search request with query_vector shape=(1, 512), k=5
2025-04-13 17:09:36,984 - __main__ - DEBUG - Calling shard.search
2025-04-13 17:09:36,984 - shard_node - DEBUG - Starting search with query_vectors shape=(1, 512), k=5
2025-04-13 17:09:36,984 - shard_node - DEBUG - Index has 0 total vectors
2025-04-13 17:09:36,985 - shard_node - WARNING - Index only has 0 vectors, but k=5
2025-04-13 17:09:36,985 - shard_node - WARNING - Index is empty, returning empty results
2025-04-13 17:09:36,985 - __main__ - DEBUG - Search results: distances shape=(1, 0), indices shape=(1, 0)
2025-04-13 17:09:36,985 - __main__ - DEBUG - Distances: [], Indices: []
2025-04-13 17:09:36,985 - __main__ - DEBUG - Returning search results: 1 items
2025-04-13 17:09:36,985 - werkzeug - INFO - 127.0.0.1 - - [13/Apr/2025 17:09:36] "POST /search HTTP/1.1" 200 -
2025-04-13 17:09:43,560 - shard_node - INFO - Getting shard statistics
2025-04-13 17:09:43,560 - werkzeug - INFO - 127.0.0.1 - - [13/Apr/2025 17:09:43] "GET /stats HTTP/1.1" 200 -
2025-04-13 17:09:43,599 - __main__ - DEBUG - Received search request with query_vector shape=(1, 512), k=1
2025-04-13 17:09:43,599 - __main__ - DEBUG - Calling shard.search
2025-04-13 17:09:43,599 - shard_node - DEBUG - Starting search with query_vectors shape=(1, 512), k=1
2025-04-13 17:09:43,599 - shard_node - DEBUG - Index has 0 total vectors
2025-04-13 17:09:43,599 - shard_node - WARNING - Index only has 0 vectors, but k=1
2025-04-13 17:09:43,599 - shard_node - WARNING - Index is empty, returning empty results
2025-04-13 17:09:43,599 - __main__ - DEBUG - Search results: distances shape=(1, 0), indices shape=(1, 0)
2025-04-13 17:09:43,599 - __main__ - DEBUG - Distances: [], Indices: []
2025-04-13 17:09:43,599 - __main__ - DEBUG - Returning search results: 1 items
2025-04-13 17:09:43,599 - werkzeug - INFO - 127.0.0.1 - - [13/Apr/2025 17:09:43] "POST /search HTTP/1.1" 200 -
2025-04-13 17:09:43,614 - __main__ - DEBUG - Received search request with query_vector shape=(1, 512), k=1
2025-04-13 17:09:43,614 - __main__ - DEBUG - Calling shard.search
2025-04-13 17:09:43,614 - shard_node - DEBUG - Starting search with query_vectors shape=(1, 512), k=1
2025-04-13 17:09:43,614 - shard_node - DEBUG - Index has 0 total vectors
2025-04-13 17:09:43,614 - shard_node - WARNING - Index only has 0 vectors, but k=1
2025-04-13 17:09:43,614 - shard_node - WARNING - Index is empty, returning empty results
2025-04-13 17:09:43,614 - __main__ - DEBUG - Search results: distances shape=(1, 0), indices shape=(1, 0)
2025-04-13 17:09:43,614 - __main__ - DEBUG - Distances: [], Indices: []
2025-04-13 17:09:43,614 - __main__ - DEBUG - Returning search results: 1 items
2025-04-13 17:09:43,614 - werkzeug - INFO - 127.0.0.1 - - [13/Apr/2025 17:09:43] "POST /search HTTP/1.1" 200 -
2025-04-13 17:09:43,620 - __main__ - DEBUG - Received search request with query_vector shape=(1, 512), k=1
2025-04-13 17:09:43,620 - __main__ - DEBUG - Calling shard.search
2025-04-13 17:09:43,620 - shard_node - DEBUG - Starting search with query_vectors shape=(1, 512), k=1
2025-04-13 17:09:43,620 - shard_node - DEBUG - Index has 0 total vectors
2025-04-13 17:09:43,620 - shard_node - WARNING - Index only has 0 vectors, but k=1
2025-04-13 17:09:43,620 - shard_node - WARNING - Index is empty, returning empty results
2025-04-13 17:09:43,620 - __main__ - DEBUG - Search results: distances shape=(1, 0), indices shape=(1, 0)
2025-04-13 17:09:43,620 - __main__ - DEBUG - Distances: [], Indices: []
2025-04-13 17:09:43,620 - __main__ - DEBUG - Returning search results: 1 items
2025-04-13 17:09:43,620 - werkzeug - INFO - 127.0.0.1 - - [13/Apr/2025 17:09:43] "POST /search HTTP/1.1" 200 -
2025-04-13 17:09:43,634 - __main__ - DEBUG - Received search request with query_vector shape=(1, 512), k=5
2025-04-13 17:09:43,634 - __main__ - DEBUG - Calling shard.search
2025-04-13 17:09:43,634 - shard_node - DEBUG - Starting search with query_vectors shape=(1, 512), k=5
2025-04-13 17:09:43,634 - shard_node - DEBUG - Index has 0 total vectors
2025-04-13 17:09:43,634 - shard_node - WARNING - Index only has 0 vectors, but k=5
2025-04-13 17:09:43,634 - shard_node - WARNING - Index is empty, returning empty results
2025-04-13 17:09:43,635 - __main__ - DEBUG - Search results: distances shape=(1, 0), indices shape=(1, 0)
2025-04-13 17:09:43,635 - __main__ - DEBUG - Distances: [], Indices: []
2025-04-13 17:09:43,635 - __main__ - DEBUG - Returning search results: 1 items
2025-04-13 17:09:43,635 - werkzeug - INFO - 127.0.0.1 - - [13/Apr/2025 17:09:43] "POST /search HTTP/1.1" 200 -
2025-04-13 17:09:43,648 - __main__ - DEBUG - Received search request with query_vector shape=(1, 512), k=5
2025-04-13 17:09:43,648 - __main__ - DEBUG - Calling shard.search
2025-04-13 17:09:43,648 - shard_node - DEBUG - Starting search with query_vectors shape=(1, 512), k=5
2025-04-13 17:09:43,648 - shard_node - DEBUG - Index has 0 total vectors
2025-04-13 17:09:43,648 - shard_node - WARNING - Index only has 0 vectors, but k=5
2025-04-13 17:09:43,648 - shard_node - WARNING - Index is empty, returning empty results
2025-04-13 17:09:43,648 - __main__ - DEBUG - Search results: distances shape=(1, 0), indices shape=(1, 0)
2025-04-13 17:09:43,648 - __main__ - DEBUG - Distances: [], Indices: []
2025-04-13 17:09:43,648 - __main__ - DEBUG - Returning search results: 1 items
2025-04-13 17:09:43,649 - werkzeug - INFO - 127.0.0.1 - - [13/Apr/2025 17:09:43] "POST /search HTTP/1.1" 200 -
2025-04-13 17:09:43,655 - __main__ - DEBUG - Received search request with query_vector shape=(1, 512), k=5
2025-04-13 17:09:43,655 - __main__ - DEBUG - Calling shard.search
2025-04-13 17:09:43,655 - shard_node - DEBUG - Starting search with query_vectors shape=(1, 512), k=5
2025-04-13 17:09:43,655 - shard_node - DEBUG - Index has 0 total vectors
2025-04-13 17:09:43,655 - shard_node - WARNING - Index only has 0 vectors, but k=5
2025-04-13 17:09:43,655 - shard_node - WARNING - Index is empty, returning empty results
2025-04-13 17:09:43,655 - __main__ - DEBUG - Search results: distances shape=(1, 0), indices shape=(1, 0)
2025-04-13 17:09:43,655 - __main__ - DEBUG - Distances: [], Indices: []
2025-04-13 17:09:43,655 - __main__ - DEBUG - Returning search results: 1 items
2025-04-13 17:09:43,655 - werkzeug - INFO - 127.0.0.1 - - [13/Apr/2025 17:09:43] "POST /search HTTP/1.1" 200 -
2025-04-13 17:09:43,670 - __main__ - DEBUG - Received search request with query_vector shape=(1, 512), k=10
2025-04-13 17:09:43,670 - __main__ - DEBUG - Calling shard.search
2025-04-13 17:09:43,670 - shard_node - DEBUG - Starting search with query_vectors shape=(1, 512), k=10
2025-04-13 17:09:43,670 - shard_node - DEBUG - Index has 0 total vectors
2025-04-13 17:09:43,670 - shard_node - WARNING - Index only has 0 vectors, but k=10
2025-04-13 17:09:43,670 - shard_node - WARNING - Index is empty, returning empty results
2025-04-13 17:09:43,670 - __main__ - DEBUG - Search results: distances shape=(1, 0), indices shape=(1, 0)
2025-04-13 17:09:43,670 - __main__ - DEBUG - Distances: [], Indices: []
2025-04-13 17:09:43,670 - __main__ - DEBUG - Returning search results: 1 items
2025-04-13 17:09:43,670 - werkzeug - INFO - 127.0.0.1 - - [13/Apr/2025 17:09:43] "POST /search HTTP/1.1" 200 -
2025-04-13 17:09:43,684 - __main__ - DEBUG - Received search request with query_vector shape=(1, 512), k=10
2025-04-13 17:09:43,685 - __main__ - DEBUG - Calling shard.search
2025-04-13 17:09:43,685 - shard_node - DEBUG - Starting search with query_vectors shape=(1, 512), k=10
2025-04-13 17:09:43,685 - shard_node - DEBUG - Index has 0 total vectors
2025-04-13 17:09:43,685 - shard_node - WARNING - Index only has 0 vectors, but k=10
2025-04-13 17:09:43,685 - shard_node - WARNING - Index is empty, returning empty results
2025-04-13 17:09:43,685 - __main__ - DEBUG - Search results: distances shape=(1, 0), indices shape=(1, 0)
2025-04-13 17:09:43,685 - __main__ - DEBUG - Distances: [], Indices: []
2025-04-13 17:09:43,685 - __main__ - DEBUG - Returning search results: 1 items
2025-04-13 17:09:43,685 - werkzeug - INFO - 127.0.0.1 - - [13/Apr/2025 17:09:43] "POST /search HTTP/1.1" 200 -
2025-04-13 17:09:43,691 - __main__ - DEBUG - Received search request with query_vector shape=(1, 512), k=10
2025-04-13 17:09:43,691 - __main__ - DEBUG - Calling shard.search
2025-04-13 17:09:43,691 - shard_node - DEBUG - Starting search with query_vectors shape=(1, 512), k=10
2025-04-13 17:09:43,691 - shard_node - DEBUG - Index has 0 total vectors
2025-04-13 17:09:43,691 - shard_node - WARNING - Index only has 0 vectors, but k=10
2025-04-13 17:09:43,691 - shard_node - WARNING - Index is empty, returning empty results
2025-04-13 17:09:43,691 - __main__ - DEBUG - Search results: distances shape=(1, 0), indices shape=(1, 0)
2025-04-13 17:09:43,691 - __main__ - DEBUG - Distances: [], Indices: []
2025-04-13 17:09:43,691 - __main__ - DEBUG - Returning search results: 1 items
2025-04-13 17:09:43,691 - werkzeug - INFO - 127.0.0.1 - - [13/Apr/2025 17:09:43] "POST /search HTTP/1.1" 200 -
2025-04-13 17:09:43,704 - __main__ - DEBUG - Received search request with query_vector shape=(1, 512), k=20
2025-04-13 17:09:43,704 - __main__ - DEBUG - Calling shard.search
2025-04-13 17:09:43,704 - shard_node - DEBUG - Starting search with query_vectors shape=(1, 512), k=20
2025-04-13 17:09:43,704 - shard_node - DEBUG - Index has 0 total vectors
2025-04-13 17:09:43,704 - shard_node - WARNING - Index only has 0 vectors, but k=20
2025-04-13 17:09:43,704 - shard_node - WARNING - Index is empty, returning empty results
2025-04-13 17:09:43,704 - __main__ - DEBUG - Search results: distances shape=(1, 0), indices shape=(1, 0)
2025-04-13 17:09:43,705 - __main__ - DEBUG - Distances: [], Indices: []
2025-04-13 17:09:43,705 - __main__ - DEBUG - Returning search results: 1 items
2025-04-13 17:09:43,705 - werkzeug - INFO - 127.0.0.1 - - [13/Apr/2025 17:09:43] "POST /search HTTP/1.1" 200 -
2025-04-13 17:09:43,724 - __main__ - DEBUG - Received search request with query_vector shape=(1, 512), k=20
2025-04-13 17:09:43,724 - __main__ - DEBUG - Calling shard.search
2025-04-13 17:09:43,724 - shard_node - DEBUG - Starting search with query_vectors shape=(1, 512), k=20
2025-04-13 17:09:43,724 - shard_node - DEBUG - Index has 0 total vectors
2025-04-13 17:09:43,724 - shard_node - WARNING - Index only has 0 vectors, but k=20
2025-04-13 17:09:43,724 - shard_node - WARNING - Index is empty, returning empty results
2025-04-13 17:09:43,724 - __main__ - DEBUG - Search results: distances shape=(1, 0), indices shape=(1, 0)
2025-04-13 17:09:43,724 - __main__ - DEBUG - Distances: [], Indices: []
2025-04-13 17:09:43,724 - __main__ - DEBUG - Returning search results: 1 items
2025-04-13 17:09:43,724 - werkzeug - INFO - 127.0.0.1 - - [13/Apr/2025 17:09:43] "POST /search HTTP/1.1" 200 -
2025-04-13 17:09:43,730 - __main__ - DEBUG - Received search request with query_vector shape=(1, 512), k=20
2025-04-13 17:09:43,730 - __main__ - DEBUG - Calling shard.search
2025-04-13 17:09:43,730 - shard_node - DEBUG - Starting search with query_vectors shape=(1, 512), k=20
2025-04-13 17:09:43,730 - shard_node - DEBUG - Index has 0 total vectors
2025-04-13 17:09:43,730 - shard_node - WARNING - Index only has 0 vectors, but k=20
2025-04-13 17:09:43,730 - shard_node - WARNING - Index is empty, returning empty results
2025-04-13 17:09:43,730 - __main__ - DEBUG - Search results: distances shape=(1, 0), indices shape=(1, 0)
2025-04-13 17:09:43,730 - __main__ - DEBUG - Distances: [], Indices: []
2025-04-13 17:09:43,730 - __main__ - DEBUG - Returning search results: 1 items
2025-04-13 17:09:43,731 - werkzeug - INFO - 127.0.0.1 - - [13/Apr/2025 17:09:43] "POST /search HTTP/1.1" 200 -
2025-04-13 17:09:43,744 - __main__ - DEBUG - Received search request with query_vector shape=(1, 512), k=50
2025-04-13 17:09:43,744 - __main__ - DEBUG - Calling shard.search
2025-04-13 17:09:43,744 - shard_node - DEBUG - Starting search with query_vectors shape=(1, 512), k=50
2025-04-13 17:09:43,744 - shard_node - DEBUG - Index has 0 total vectors
2025-04-13 17:09:43,744 - shard_node - WARNING - Index only has 0 vectors, but k=50
2025-04-13 17:09:43,744 - shard_node - WARNING - Index is empty, returning empty results
2025-04-13 17:09:43,744 - __main__ - DEBUG - Search results: distances shape=(1, 0), indices shape=(1, 0)
2025-04-13 17:09:43,744 - __main__ - DEBUG - Distances: [], Indices: []
2025-04-13 17:09:43,744 - __main__ - DEBUG - Returning search results: 1 items
2025-04-13 17:09:43,744 - werkzeug - INFO - 127.0.0.1 - - [13/Apr/2025 17:09:43] "POST /search HTTP/1.1" 200 -
2025-04-13 17:09:43,757 - __main__ - DEBUG - Received search request with query_vector shape=(1, 512), k=50
2025-04-13 17:09:43,757 - __main__ - DEBUG - Calling shard.search
2025-04-13 17:09:43,757 - shard_node - DEBUG - Starting search with query_vectors shape=(1, 512), k=50
2025-04-13 17:09:43,757 - shard_node - DEBUG - Index has 0 total vectors
2025-04-13 17:09:43,757 - shard_node - WARNING - Index only has 0 vectors, but k=50
2025-04-13 17:09:43,757 - shard_node - WARNING - Index is empty, returning empty results
2025-04-13 17:09:43,757 - __main__ - DEBUG - Search results: distances shape=(1, 0), indices shape=(1, 0)
2025-04-13 17:09:43,757 - __main__ - DEBUG - Distances: [], Indices: []
2025-04-13 17:09:43,757 - __main__ - DEBUG - Returning search results: 1 items
2025-04-13 17:09:43,757 - werkzeug - INFO - 127.0.0.1 - - [13/Apr/2025 17:09:43] "POST /search HTTP/1.1" 200 -
2025-04-13 17:09:43,763 - __main__ - DEBUG - Received search request with query_vector shape=(1, 512), k=50
2025-04-13 17:09:43,763 - __main__ - DEBUG - Calling shard.search
2025-04-13 17:09:43,763 - shard_node - DEBUG - Starting search with query_vectors shape=(1, 512), k=50
2025-04-13 17:09:43,763 - shard_node - DEBUG - Index has 0 total vectors
2025-04-13 17:09:43,763 - shard_node - WARNING - Index only has 0 vectors, but k=50
2025-04-13 17:09:43,763 - shard_node - WARNING - Index is empty, returning empty results
2025-04-13 17:09:43,763 - __main__ - DEBUG - Search results: distances shape=(1, 0), indices shape=(1, 0)
2025-04-13 17:09:43,763 - __main__ - DEBUG - Distances: [], Indices: []
2025-04-13 17:09:43,763 - __main__ - DEBUG - Returning search results: 1 items
2025-04-13 17:09:43,763 - werkzeug - INFO - 127.0.0.1 - - [13/Apr/2025 17:09:43] "POST /search HTTP/1.1" 200 -
2025-04-13 17:09:43,776 - __main__ - DEBUG - Received search request with query_vector shape=(1, 512), k=100
2025-04-13 17:09:43,776 - __main__ - DEBUG - Calling shard.search
2025-04-13 17:09:43,776 - shard_node - DEBUG - Starting search with query_vectors shape=(1, 512), k=100
2025-04-13 17:09:43,776 - shard_node - DEBUG - Index has 0 total vectors
2025-04-13 17:09:43,776 - shard_node - WARNING - Index only has 0 vectors, but k=100
2025-04-13 17:09:43,776 - shard_node - WARNING - Index is empty, returning empty results
2025-04-13 17:09:43,776 - __main__ - DEBUG - Search results: distances shape=(1, 0), indices shape=(1, 0)
2025-04-13 17:09:43,776 - __main__ - DEBUG - Distances: [], Indices: []
2025-04-13 17:09:43,776 - __main__ - DEBUG - Returning search results: 1 items
2025-04-13 17:09:43,776 - werkzeug - INFO - 127.0.0.1 - - [13/Apr/2025 17:09:43] "POST /search HTTP/1.1" 200 -
2025-04-13 17:09:43,789 - __main__ - DEBUG - Received search request with query_vector shape=(1, 512), k=100
2025-04-13 17:09:43,789 - __main__ - DEBUG - Calling shard.search
2025-04-13 17:09:43,789 - shard_node - DEBUG - Starting search with query_vectors shape=(1, 512), k=100
2025-04-13 17:09:43,789 - shard_node - DEBUG - Index has 0 total vectors
2025-04-13 17:09:43,789 - shard_node - WARNING - Index only has 0 vectors, but k=100
2025-04-13 17:09:43,789 - shard_node - WARNING - Index is empty, returning empty results
2025-04-13 17:09:43,789 - __main__ - DEBUG - Search results: distances shape=(1, 0), indices shape=(1, 0)
2025-04-13 17:09:43,789 - __main__ - DEBUG - Distances: [], Indices: []
2025-04-13 17:09:43,789 - __main__ - DEBUG - Returning search results: 1 items
2025-04-13 17:09:43,790 - werkzeug - INFO - 127.0.0.1 - - [13/Apr/2025 17:09:43] "POST /search HTTP/1.1" 200 -
2025-04-13 17:09:43,795 - __main__ - DEBUG - Received search request with query_vector shape=(1, 512), k=100
2025-04-13 17:09:43,795 - __main__ - DEBUG - Calling shard.search
2025-04-13 17:09:43,795 - shard_node - DEBUG - Starting search with query_vectors shape=(1, 512), k=100
2025-04-13 17:09:43,795 - shard_node - DEBUG - Index has 0 total vectors
2025-04-13 17:09:43,795 - shard_node - WARNING - Index only has 0 vectors, but k=100
2025-04-13 17:09:43,796 - shard_node - WARNING - Index is empty, returning empty results
2025-04-13 17:09:43,796 - __main__ - DEBUG - Search results: distances shape=(1, 0), indices shape=(1, 0)
2025-04-13 17:09:43,796 - __main__ - DEBUG - Distances: [], Indices: []
2025-04-13 17:09:43,796 - __main__ - DEBUG - Returning search results: 1 items
2025-04-13 17:09:43,796 - werkzeug - INFO - 127.0.0.1 - - [13/Apr/2025 17:09:43] "POST /search HTTP/1.1" 200 -
