2025-04-13 17:09:13,075 - root - INFO - Initializing FlatL2 index with IDMap
2025-04-13 17:09:13,075 - __main__ - INFO - Initialized shard node with config: config/shard_node.yaml
2025-04-13 17:09:13,075 - __main__ - INFO - Starting shard server on localhost:6003
 * Serving Flask app 'shard_server'
 * Debug mode: off
2025-04-13 17:09:13,081 - werkzeug - INFO - [31m[1mWARNING: This is a development server. Do not use it in a production deployment. Use a production WSGI server instead.[0m
 * Running on http://localhost:6003
2025-04-13 17:09:13,081 - werkzeug - INFO - [33mPress CTRL+C to quit[0m
2025-04-13 17:09:36,723 - __main__ - DEBUG - Received search request with query_vector shape=(1, 512), k=5
2025-04-13 17:09:36,723 - __main__ - DEBUG - Calling shard.search
2025-04-13 17:09:36,723 - shard_node - DEBUG - Starting search with query_vectors shape=(1, 512), k=5
2025-04-13 17:09:36,724 - shard_node - DEBUG - Index has 0 total vectors
2025-04-13 17:09:36,724 - shard_node - WARNING - Index only has 0 vectors, but k=5
2025-04-13 17:09:36,724 - shard_node - WARNING - Index is empty, returning empty results
2025-04-13 17:09:36,724 - __main__ - DEBUG - Search results: distances shape=(1, 0), indices shape=(1, 0)
2025-04-13 17:09:36,724 - __main__ - DEBUG - Distances: [], Indices: []
2025-04-13 17:09:36,724 - __main__ - DEBUG - Returning search results: 1 items
2025-04-13 17:09:36,725 - werkzeug - INFO - 127.0.0.1 - - [13/Apr/2025 17:09:36] "POST /search HTTP/1.1" 200 -
2025-04-13 17:09:36,891 - __main__ - DEBUG - Received search request with query_vector shape=(1, 512), k=5
2025-04-13 17:09:36,891 - __main__ - DEBUG - Calling shard.search
2025-04-13 17:09:36,891 - shard_node - DEBUG - Starting search with query_vectors shape=(1, 512), k=5
2025-04-13 17:09:36,891 - shard_node - DEBUG - Index has 0 total vectors
2025-04-13 17:09:36,891 - shard_node - WARNING - Index only has 0 vectors, but k=5
2025-04-13 17:09:36,891 - shard_node - WARNING - Index is empty, returning empty results
2025-04-13 17:09:36,891 - __main__ - DEBUG - Search results: distances shape=(1, 0), indices shape=(1, 0)
2025-04-13 17:09:36,891 - __main__ - DEBUG - Distances: [], Indices: []
2025-04-13 17:09:36,891 - __main__ - DEBUG - Returning search results: 1 items
2025-04-13 17:09:36,892 - werkzeug - INFO - 127.0.0.1 - - [13/Apr/2025 17:09:36] "POST /search HTTP/1.1" 200 -
2025-04-13 17:09:43,565 - shard_node - INFO - Getting shard statistics
2025-04-13 17:09:43,566 - werkzeug - INFO - 127.0.0.1 - - [13/Apr/2025 17:09:43] "GET /stats HTTP/1.1" 200 -
2025-04-13 17:09:43,590 - __main__ - DEBUG - Received search request with query_vector shape=(1, 512), k=1
2025-04-13 17:09:43,590 - __main__ - DEBUG - Calling shard.search
2025-04-13 17:09:43,590 - shard_node - DEBUG - Starting search with query_vectors shape=(1, 512), k=1
2025-04-13 17:09:43,590 - shard_node - DEBUG - Index has 0 total vectors
2025-04-13 17:09:43,590 - shard_node - WARNING - Index only has 0 vectors, but k=1
2025-04-13 17:09:43,590 - shard_node - WARNING - Index is empty, returning empty results
2025-04-13 17:09:43,590 - __main__ - DEBUG - Search results: distances shape=(1, 0), indices shape=(1, 0)
2025-04-13 17:09:43,590 - __main__ - DEBUG - Distances: [], Indices: []
2025-04-13 17:09:43,590 - __main__ - DEBUG - Returning search results: 1 items
2025-04-13 17:09:43,590 - werkzeug - INFO - 127.0.0.1 - - [13/Apr/2025 17:09:43] "POST /search HTTP/1.1" 200 -
2025-04-13 17:09:43,606 - __main__ - DEBUG - Received search request with query_vector shape=(1, 512), k=1
2025-04-13 17:09:43,606 - __main__ - DEBUG - Calling shard.search
2025-04-13 17:09:43,606 - shard_node - DEBUG - Starting search with query_vectors shape=(1, 512), k=1
2025-04-13 17:09:43,606 - shard_node - DEBUG - Index has 0 total vectors
2025-04-13 17:09:43,606 - shard_node - WARNING - Index only has 0 vectors, but k=1
2025-04-13 17:09:43,606 - shard_node - WARNING - Index is empty, returning empty results
2025-04-13 17:09:43,606 - __main__ - DEBUG - Search results: distances shape=(1, 0), indices shape=(1, 0)
2025-04-13 17:09:43,606 - __main__ - DEBUG - Distances: [], Indices: []
2025-04-13 17:09:43,606 - __main__ - DEBUG - Returning search results: 1 items
2025-04-13 17:09:43,606 - werkzeug - INFO - 127.0.0.1 - - [13/Apr/2025 17:09:43] "POST /search HTTP/1.1" 200 -
2025-04-13 17:09:43,627 - __main__ - DEBUG - Received search request with query_vector shape=(1, 512), k=5
2025-04-13 17:09:43,627 - __main__ - DEBUG - Calling shard.search
2025-04-13 17:09:43,627 - shard_node - DEBUG - Starting search with query_vectors shape=(1, 512), k=5
2025-04-13 17:09:43,627 - shard_node - DEBUG - Index has 0 total vectors
2025-04-13 17:09:43,627 - shard_node - WARNING - Index only has 0 vectors, but k=5
2025-04-13 17:09:43,627 - shard_node - WARNING - Index is empty, returning empty results
2025-04-13 17:09:43,627 - __main__ - DEBUG - Search results: distances shape=(1, 0), indices shape=(1, 0)
2025-04-13 17:09:43,627 - __main__ - DEBUG - Distances: [], Indices: []
2025-04-13 17:09:43,627 - __main__ - DEBUG - Returning search results: 1 items
2025-04-13 17:09:43,627 - werkzeug - INFO - 127.0.0.1 - - [13/Apr/2025 17:09:43] "POST /search HTTP/1.1" 200 -
2025-04-13 17:09:43,642 - __main__ - DEBUG - Received search request with query_vector shape=(1, 512), k=5
2025-04-13 17:09:43,642 - __main__ - DEBUG - Calling shard.search
2025-04-13 17:09:43,642 - shard_node - DEBUG - Starting search with query_vectors shape=(1, 512), k=5
2025-04-13 17:09:43,642 - shard_node - DEBUG - Index has 0 total vectors
2025-04-13 17:09:43,642 - shard_node - WARNING - Index only has 0 vectors, but k=5
2025-04-13 17:09:43,642 - shard_node - WARNING - Index is empty, returning empty results
2025-04-13 17:09:43,642 - __main__ - DEBUG - Search results: distances shape=(1, 0), indices shape=(1, 0)
2025-04-13 17:09:43,642 - __main__ - DEBUG - Distances: [], Indices: []
2025-04-13 17:09:43,642 - __main__ - DEBUG - Returning search results: 1 items
2025-04-13 17:09:43,642 - werkzeug - INFO - 127.0.0.1 - - [13/Apr/2025 17:09:43] "POST /search HTTP/1.1" 200 -
2025-04-13 17:09:43,662 - __main__ - DEBUG - Received search request with query_vector shape=(1, 512), k=10
2025-04-13 17:09:43,662 - __main__ - DEBUG - Calling shard.search
2025-04-13 17:09:43,662 - shard_node - DEBUG - Starting search with query_vectors shape=(1, 512), k=10
2025-04-13 17:09:43,662 - shard_node - DEBUG - Index has 0 total vectors
2025-04-13 17:09:43,662 - shard_node - WARNING - Index only has 0 vectors, but k=10
2025-04-13 17:09:43,662 - shard_node - WARNING - Index is empty, returning empty results
2025-04-13 17:09:43,662 - __main__ - DEBUG - Search results: distances shape=(1, 0), indices shape=(1, 0)
2025-04-13 17:09:43,662 - __main__ - DEBUG - Distances: [], Indices: []
2025-04-13 17:09:43,662 - __main__ - DEBUG - Returning search results: 1 items
2025-04-13 17:09:43,662 - werkzeug - INFO - 127.0.0.1 - - [13/Apr/2025 17:09:43] "POST /search HTTP/1.1" 200 -
2025-04-13 17:09:43,677 - __main__ - DEBUG - Received search request with query_vector shape=(1, 512), k=10
2025-04-13 17:09:43,677 - __main__ - DEBUG - Calling shard.search
2025-04-13 17:09:43,677 - shard_node - DEBUG - Starting search with query_vectors shape=(1, 512), k=10
2025-04-13 17:09:43,677 - shard_node - DEBUG - Index has 0 total vectors
2025-04-13 17:09:43,677 - shard_node - WARNING - Index only has 0 vectors, but k=10
2025-04-13 17:09:43,677 - shard_node - WARNING - Index is empty, returning empty results
2025-04-13 17:09:43,677 - __main__ - DEBUG - Search results: distances shape=(1, 0), indices shape=(1, 0)
2025-04-13 17:09:43,677 - __main__ - DEBUG - Distances: [], Indices: []
2025-04-13 17:09:43,677 - __main__ - DEBUG - Returning search results: 1 items
2025-04-13 17:09:43,677 - werkzeug - INFO - 127.0.0.1 - - [13/Apr/2025 17:09:43] "POST /search HTTP/1.1" 200 -
2025-04-13 17:09:43,697 - __main__ - DEBUG - Received search request with query_vector shape=(1, 512), k=20
2025-04-13 17:09:43,697 - __main__ - DEBUG - Calling shard.search
2025-04-13 17:09:43,697 - shard_node - DEBUG - Starting search with query_vectors shape=(1, 512), k=20
2025-04-13 17:09:43,697 - shard_node - DEBUG - Index has 0 total vectors
2025-04-13 17:09:43,697 - shard_node - WARNING - Index only has 0 vectors, but k=20
2025-04-13 17:09:43,697 - shard_node - WARNING - Index is empty, returning empty results
2025-04-13 17:09:43,697 - __main__ - DEBUG - Search results: distances shape=(1, 0), indices shape=(1, 0)
2025-04-13 17:09:43,697 - __main__ - DEBUG - Distances: [], Indices: []
2025-04-13 17:09:43,697 - __main__ - DEBUG - Returning search results: 1 items
2025-04-13 17:09:43,698 - werkzeug - INFO - 127.0.0.1 - - [13/Apr/2025 17:09:43] "POST /search HTTP/1.1" 200 -
2025-04-13 17:09:43,711 - __main__ - DEBUG - Received search request with query_vector shape=(1, 512), k=20
2025-04-13 17:09:43,711 - __main__ - DEBUG - Calling shard.search
2025-04-13 17:09:43,711 - shard_node - DEBUG - Starting search with query_vectors shape=(1, 512), k=20
2025-04-13 17:09:43,711 - shard_node - DEBUG - Index has 0 total vectors
2025-04-13 17:09:43,711 - shard_node - WARNING - Index only has 0 vectors, but k=20
2025-04-13 17:09:43,711 - shard_node - WARNING - Index is empty, returning empty results
2025-04-13 17:09:43,711 - __main__ - DEBUG - Search results: distances shape=(1, 0), indices shape=(1, 0)
2025-04-13 17:09:43,711 - __main__ - DEBUG - Distances: [], Indices: []
2025-04-13 17:09:43,711 - __main__ - DEBUG - Returning search results: 1 items
2025-04-13 17:09:43,711 - werkzeug - INFO - 127.0.0.1 - - [13/Apr/2025 17:09:43] "POST /search HTTP/1.1" 200 -
2025-04-13 17:09:43,737 - __main__ - DEBUG - Received search request with query_vector shape=(1, 512), k=50
2025-04-13 17:09:43,737 - __main__ - DEBUG - Calling shard.search
2025-04-13 17:09:43,737 - shard_node - DEBUG - Starting search with query_vectors shape=(1, 512), k=50
2025-04-13 17:09:43,737 - shard_node - DEBUG - Index has 0 total vectors
2025-04-13 17:09:43,737 - shard_node - WARNING - Index only has 0 vectors, but k=50
2025-04-13 17:09:43,737 - shard_node - WARNING - Index is empty, returning empty results
2025-04-13 17:09:43,737 - __main__ - DEBUG - Search results: distances shape=(1, 0), indices shape=(1, 0)
2025-04-13 17:09:43,737 - __main__ - DEBUG - Distances: [], Indices: []
2025-04-13 17:09:43,737 - __main__ - DEBUG - Returning search results: 1 items
2025-04-13 17:09:43,737 - werkzeug - INFO - 127.0.0.1 - - [13/Apr/2025 17:09:43] "POST /search HTTP/1.1" 200 -
2025-04-13 17:09:43,750 - __main__ - DEBUG - Received search request with query_vector shape=(1, 512), k=50
2025-04-13 17:09:43,750 - __main__ - DEBUG - Calling shard.search
2025-04-13 17:09:43,750 - shard_node - DEBUG - Starting search with query_vectors shape=(1, 512), k=50
2025-04-13 17:09:43,750 - shard_node - DEBUG - Index has 0 total vectors
2025-04-13 17:09:43,750 - shard_node - WARNING - Index only has 0 vectors, but k=50
2025-04-13 17:09:43,750 - shard_node - WARNING - Index is empty, returning empty results
2025-04-13 17:09:43,750 - __main__ - DEBUG - Search results: distances shape=(1, 0), indices shape=(1, 0)
2025-04-13 17:09:43,750 - __main__ - DEBUG - Distances: [], Indices: []
2025-04-13 17:09:43,750 - __main__ - DEBUG - Returning search results: 1 items
2025-04-13 17:09:43,751 - werkzeug - INFO - 127.0.0.1 - - [13/Apr/2025 17:09:43] "POST /search HTTP/1.1" 200 -
2025-04-13 17:09:43,769 - __main__ - DEBUG - Received search request with query_vector shape=(1, 512), k=100
2025-04-13 17:09:43,769 - __main__ - DEBUG - Calling shard.search
2025-04-13 17:09:43,769 - shard_node - DEBUG - Starting search with query_vectors shape=(1, 512), k=100
2025-04-13 17:09:43,769 - shard_node - DEBUG - Index has 0 total vectors
2025-04-13 17:09:43,769 - shard_node - WARNING - Index only has 0 vectors, but k=100
2025-04-13 17:09:43,769 - shard_node - WARNING - Index is empty, returning empty results
2025-04-13 17:09:43,769 - __main__ - DEBUG - Search results: distances shape=(1, 0), indices shape=(1, 0)
2025-04-13 17:09:43,769 - __main__ - DEBUG - Distances: [], Indices: []
2025-04-13 17:09:43,769 - __main__ - DEBUG - Returning search results: 1 items
2025-04-13 17:09:43,770 - werkzeug - INFO - 127.0.0.1 - - [13/Apr/2025 17:09:43] "POST /search HTTP/1.1" 200 -
2025-04-13 17:09:43,783 - __main__ - DEBUG - Received search request with query_vector shape=(1, 512), k=100
2025-04-13 17:09:43,783 - __main__ - DEBUG - Calling shard.search
2025-04-13 17:09:43,783 - shard_node - DEBUG - Starting search with query_vectors shape=(1, 512), k=100
2025-04-13 17:09:43,783 - shard_node - DEBUG - Index has 0 total vectors
2025-04-13 17:09:43,783 - shard_node - WARNING - Index only has 0 vectors, but k=100
2025-04-13 17:09:43,783 - shard_node - WARNING - Index is empty, returning empty results
2025-04-13 17:09:43,783 - __main__ - DEBUG - Search results: distances shape=(1, 0), indices shape=(1, 0)
2025-04-13 17:09:43,783 - __main__ - DEBUG - Distances: [], Indices: []
2025-04-13 17:09:43,783 - __main__ - DEBUG - Returning search results: 1 items
2025-04-13 17:09:43,783 - werkzeug - INFO - 127.0.0.1 - - [13/Apr/2025 17:09:43] "POST /search HTTP/1.1" 200 -
